<?xml version="1.0" encoding="UTF-8"?>
<!-- Generated by org.testng.reporters.JUnitReportReporter -->
<testsuite hostname="DESKTOP-60ROJ1V" failures="0" tests="3" name="kbz.test.Login" time="8.876" errors="0" timestamp="2022-08-19T13:53:51 MMT" skipped="0">
  <testcase classname="kbz.test.Login" name="test002" time="0.510"/>
  <system-out/>
  <testcase classname="kbz.test.Login" name="test001" time="3.272"/>
  <system-out/>
  <testcase classname="kbz.test.Login" name="test003" time="5.094"/>
  <system-out/>
</testsuite> <!-- kbz.test.Login -->
